Flow report for BITWISE
Mon Mar 10 13:11:27 2025
Quartus II 64-Bit Version 13.0.1 Build 232 06/12/2013 Service Pack 1 SJ Web Edition


---------------------
; Table of Contents ;
---------------------
  1. Legal Notice
  2. Flow Summary
  3. Flow Settings
  4. Flow Non-Default Global Settings
  5. Flow Elapsed Time
  6. Flow OS Summary
  7. Flow Log
  8. Flow Messages
  9. Flow Suppressed Messages



----------------
; Legal Notice ;
----------------
Copyright (C) 1991-2013 Altera Corporation
Your use of Altera Corporation's design tools, logic functions 
and other software and tools, and its AMPP partner logic 
functions, and any output files from any of the foregoing 
(including device programming or simulation files), and any 
associated documentation or information are expressly subject 
to the terms and conditions of the Altera Program License 
Subscription Agreement, Altera MegaCore Function License 
Agreement, or other applicable license agreement, including, 
without limitation, that your use is for the sole purpose of 
programming logic devices manufactured by Altera and sold by 
Altera or its authorized distributors.  Please refer to the 
applicable agreement for further details.



+--------------------------------------------------------------------------------------+
; Flow Summary                                                                         ;
+------------------------------------+-------------------------------------------------+
; Flow Status                        ; Successful - Mon Mar 10 13:11:27 2025           ;
; Quartus II 64-Bit Version          ; 13.0.1 Build 232 06/12/2013 SP 1 SJ Web Edition ;
; Revision Name                      ; BITWISE                                         ;
; Top-level Entity Name              ; BITWISE                                         ;
; Family                             ; Cyclone IV GX                                   ;
; Device                             ; EP4CGX15BF14A7                                  ;
; Timing Models                      ; Final                                           ;
; Total logic elements               ; 3 / 14,400 ( < 1 % )                            ;
;     Total combinational functions  ; 3 / 14,400 ( < 1 % )                            ;
;     Dedicated logic registers      ; 0 / 14,400 ( 0 % )                              ;
; Total registers                    ; 0                                               ;
; Total pins                         ; 9 / 81 ( 11 % )                                 ;
; Total virtual pins                 ; 0                                               ;
; Total memory bits                  ; 0 / 552,960 ( 0 % )                             ;
; Embedded Multiplier 9-bit elements ; 0                                               ;
; Total GXB Receiver Channel PCS     ; 0 / 2 ( 0 % )                                   ;
; Total GXB Receiver Channel PMA     ; 0 / 2 ( 0 % )                                   ;
; Total GXB Transmitter Channel PCS  ; 0 / 2 ( 0 % )                                   ;
; Total GXB Transmitter Channel PMA  ; 0 / 2 ( 0 % )                                   ;
; Total PLLs                         ; 0 / 3 ( 0 % )                                   ;
+------------------------------------+-------------------------------------------------+


+-----------------------------------------+
; Flow Settings                           ;
+-------------------+---------------------+
; Option            ; Setting             ;
+-------------------+---------------------+
; Start date & time ; 03/10/2025 13:10:06 ;
; Main task         ; Compilation         ;
; Revision Name     ; BITWISE             ;
+-------------------+---------------------+


+------------------------------------------------------------------------------------------------------------------+
; Flow Non-Default Global Settings                                                                                 ;
+-------------------------------------+---------------------------------+---------------+-------------+------------+
; Assignment Name                     ; Value                           ; Default Value ; Entity Name ; Section Id ;
+-------------------------------------+---------------------------------+---------------+-------------+------------+
; COMPILER_SIGNATURE_ID               ; 123870399152046.174158340507596 ; --            ; --          ; --         ;
; MAX_CORE_JUNCTION_TEMP              ; 125                             ; --            ; --          ; --         ;
; MIN_CORE_JUNCTION_TEMP              ; -40                             ; --            ; --          ; --         ;
; NOMINAL_CORE_SUPPLY_VOLTAGE         ; 1.2V                            ; --            ; --          ; --         ;
; PARTITION_COLOR                     ; 16764057                        ; --            ; --          ; Top        ;
; PARTITION_FITTER_PRESERVATION_LEVEL ; PLACEMENT_AND_ROUTING           ; --            ; --          ; Top        ;
; PARTITION_NETLIST_TYPE              ; SOURCE                          ; --            ; --          ; Top        ;
; PROJECT_OUTPUT_DIRECTORY            ; output_files                    ; --            ; --          ; --         ;
+-------------------------------------+---------------------------------+---------------+-------------+------------+


+-------------------------------------------------------------------------------------------------------------------------------+
; Flow Elapsed Time                                                                                                             ;
+---------------------------+--------------+-------------------------+---------------------+------------------------------------+
; Module Name               ; Elapsed Time ; Average Processors Used ; Peak Virtual Memory ; Total CPU Time (on all processors) ;
+---------------------------+--------------+-------------------------+---------------------+------------------------------------+
; Analysis & Synthesis      ; 00:00:02     ; 1.0                     ; 4646 MB             ; 00:00:02                           ;
; Fitter                    ; 00:00:12     ; 1.0                     ; 4985 MB             ; 00:00:09                           ;
; Assembler                 ; 00:00:02     ; 1.0                     ; 4613 MB             ; 00:00:02                           ;
; TimeQuest Timing Analyzer ; 00:00:04     ; 1.0                     ; 4613 MB             ; 00:00:04                           ;
; EDA Netlist Writer        ; 00:00:01     ; 1.0                     ; 4578 MB             ; 00:00:01                           ;
; EDA Netlist Writer        ; 00:00:01     ; 1.0                     ; 4579 MB             ; 00:00:01                           ;
; Total                     ; 00:00:22     ; --                      ; --                  ; 00:00:19                           ;
+---------------------------+--------------+-------------------------+---------------------+------------------------------------+


+----------------------------------------------------------------------------------------+
; Flow OS Summary                                                                        ;
+---------------------------+------------------+-----------+------------+----------------+
; Module Name               ; Machine Hostname ; OS Name   ; OS Version ; Processor type ;
+---------------------------+------------------+-----------+------------+----------------+
; Analysis & Synthesis      ; DESKTOP-Q78F81O  ; Windows 7 ; 6.2        ; x86_64         ;
; Fitter                    ; DESKTOP-Q78F81O  ; Windows 7 ; 6.2        ; x86_64         ;
; Assembler                 ; DESKTOP-Q78F81O  ; Windows 7 ; 6.2        ; x86_64         ;
; TimeQuest Timing Analyzer ; DESKTOP-Q78F81O  ; Windows 7 ; 6.2        ; x86_64         ;
; EDA Netlist Writer        ; DESKTOP-Q78F81O  ; Windows 7 ; 6.2        ; x86_64         ;
; EDA Netlist Writer        ; DESKTOP-Q78F81O  ; Windows 7 ; 6.2        ; x86_64         ;
+---------------------------+------------------+-----------+------------+----------------+


------------
; Flow Log ;
------------
quartus_map --read_settings_files=on --write_settings_files=off BITWISE -c BITWISE
quartus_fit --read_settings_files=off --write_settings_files=off BITWISE -c BITWISE
quartus_asm --read_settings_files=off --write_settings_files=off BITWISE -c BITWISE
quartus_sta BITWISE -c BITWISE
quartus_eda --gen_testbench --check_outputs=on --tool=modelsim_oem --format=verilog BITWISE -c BITWISE --vector_source=C:/verilogDesign/hw3_1/Waveform.vwf --testbench_file=./simulation/qsim/BITWISE.vt
quartus_eda --functional=on --simulation=on --tool=modelsim_oem --format=verilog BITWISE -c BITWISE



